product: tides
Erasing 'boot_a'                                   OKAY [  0.030s]
Finished. Total time: 0.031s
Erasing 'metadata'                                 OKAY [  0.022s]
Finished. Total time: 0.023s
Erasing 'misc'                                     OKAY [  0.026s]
Finished. Total time: 0.026s
partition-type:opcust: raw data
Erasing 'opcust'                                   OKAY [  0.023s]
Finished. Total time: 0.023s
partition-type:opconfig: raw data
Erasing 'opconfig'                                 OKAY [  0.022s]
Finished. Total time: 0.023s
Sending 'preloader_a' (320 KB)                     OKAY [  0.024s]
Writing 'preloader_a'                              OKAY [  0.036s]
Finished. Total time: 0.061s
Sending 'preloader_b' (320 KB)                     OKAY [  0.024s]
Writing 'preloader_b'                              OKAY [  0.034s]
Finished. Total time: 0.060s
Sending 'vbmeta_a' (4 KB)                          OKAY [  0.012s]
Writing 'vbmeta_a'                                 OKAY [  0.007s]
Finished. Total time: 0.019s
Sending 'vbmeta_b' (4 KB)                          OKAY [  0.012s]
Writing 'vbmeta_b'                                 OKAY [  0.006s]
Finished. Total time: 0.019s
Sending 'vbmeta_system_a' (4 KB)                   OKAY [  0.012s]
Writing 'vbmeta_system_a'                          OKAY [  0.006s]
Finished. Total time: 0.019s
Sending 'vbmeta_system_b' (4 KB)                   OKAY [  0.012s]
Writing 'vbmeta_system_b'                          OKAY [  0.006s]
Finished. Total time: 0.019s
Sending 'vbmeta_vendor_a' (4 KB)                   OKAY [  0.012s]
Writing 'vbmeta_vendor_a'                          OKAY [  0.006s]
Finished. Total time: 0.019s
Sending 'vbmeta_vendor_b' (4 KB)                   OKAY [  0.012s]
Writing 'vbmeta_vendor_b'                          OKAY [  0.006s]
Finished. Total time: 0.019s
Sending 'md1img_a' (56020 KB)                      OKAY [  2.264s]
Writing 'md1img_a'                                 OKAY [  0.697s]
Finished. Total time: 2.990s
Sending 'md1img_b' (56020 KB)                      OKAY [  2.343s]
Writing 'md1img_b'                                 OKAY [  0.697s]
Finished. Total time: 3.069s
Sending 'spmfw_a' (48 KB)                          OKAY [  0.013s]
Writing 'spmfw_a'                                  OKAY [  0.008s]
Finished. Total time: 0.023s
Sending 'spmfw_b' (48 KB)                          OKAY [  0.014s]
Writing 'spmfw_b'                                  OKAY [  0.007s]
Finished. Total time: 0.022s
Sending 'scp_a' (609 KB)                           OKAY [  0.036s]
Writing 'scp_a'                                    OKAY [  0.014s]
Finished. Total time: 0.052s
Sending 'scp_b' (609 KB)                           OKAY [  0.036s]
Writing 'scp_b'                                    OKAY [  0.014s]
Finished. Total time: 0.052s
Sending 'sspm_a' (494 KB)                          OKAY [  0.031s]
Writing 'sspm_a'                                   OKAY [  0.013s]
Finished. Total time: 0.045s
Sending 'sspm_b' (494 KB)                          OKAY [  0.031s]
Writing 'sspm_b'                                   OKAY [  0.013s]
Finished. Total time: 0.045s
Sending 'gz_a' (2765 KB)                           OKAY [  0.129s]
Writing 'gz_a'                                     OKAY [  0.042s]
Finished. Total time: 0.174s
Sending 'gz_b' (2765 KB)                           OKAY [  0.120s]
Writing 'gz_b'                                     OKAY [  0.042s]
Finished. Total time: 0.165s
Sending 'lk_a' (1708 KB)                           OKAY [  0.081s]
Writing 'lk_a'                                     OKAY [  0.029s]
Finished. Total time: 0.113s
Sending 'lk_b' (1708 KB)                           OKAY [  0.081s]
Writing 'lk_b'                                     OKAY [  0.029s]
Finished. Total time: 0.112s
Sending 'boot_a' (65536 KB)                        OKAY [  2.626s]
Writing 'boot_a'                                   OKAY [  0.839s]
Finished. Total time: 3.503s
Sending 'boot_b' (65536 KB)                        OKAY [  2.677s]
Writing 'boot_b'                                   OKAY [  0.814s]
Finished. Total time: 3.529s
Sending 'vendor_boot_a' (65536 KB)                 OKAY [  2.770s]
Writing 'vendor_boot_a'                            OKAY [  0.832s]
Finished. Total time: 3.638s
Sending 'vendor_boot_b' (65536 KB)                 OKAY [  2.737s]
Writing 'vendor_boot_b'                            OKAY [  0.825s]
Finished. Total time: 3.598s
Sending 'dtbo_a' (118 KB)                          OKAY [  0.016s]
Writing 'dtbo_a'                                   OKAY [  0.008s]
Finished. Total time: 0.025s
Sending 'dtbo_b' (118 KB)                          OKAY [  0.016s]
Writing 'dtbo_b'                                   OKAY [  0.008s]
Finished. Total time: 0.025s
Sending 'tee_a' (2507 KB)                          OKAY [  0.119s]
Writing 'tee_a'                                    OKAY [  0.041s]
Finished. Total time: 0.162s
Sending 'tee_b' (2507 KB)                          OKAY [  0.117s]
Writing 'tee_b'                                    OKAY [  0.041s]
Finished. Total time: 0.160s
Sending 'logo_a' (4333 KB)                         OKAY [  0.196s]
Writing 'logo_a'                                   OKAY [  0.066s]
Finished. Total time: 0.265s
Sending 'logo_b' (4333 KB)                         OKAY [  0.196s]
Writing 'logo_b'                                   OKAY [  0.060s]
Finished. Total time: 0.259s
Sending 'rescue' (40 KB)                           OKAY [  0.014s]
Writing 'rescue'                                   OKAY [  0.017s]
Finished. Total time: 0.032s
Sending sparse 'super' 1/44 (131068 KB)            OKAY [  5.551s]
Writing 'super'                                    OKAY [  1.655s]
Sending sparse 'super' 2/44 (131068 KB)            OKAY [  5.604s]
Writing 'super'                                    OKAY [  1.636s]
Sending sparse 'super' 3/44 (131068 KB)            OKAY [  5.595s]
Writing 'super'                                    OKAY [  1.654s]
Sending sparse 'super' 4/44 (131068 KB)            OKAY [  5.571s]
Writing 'super'                                    OKAY [  1.654s]
Sending sparse 'super' 5/44 (131068 KB)            OKAY [  5.593s]
Writing 'super'                                    OKAY [  1.643s]
Sending sparse 'super' 6/44 (131068 KB)            OKAY [  5.564s]
Writing 'super'                                    OKAY [  1.656s]
Sending sparse 'super' 7/44 (131068 KB)            OKAY [  5.521s]
Writing 'super'                                    OKAY [  1.655s]
Sending sparse 'super' 8/44 (131068 KB)            OKAY [  5.558s]
Writing 'super'                                    OKAY [  1.621s]
Sending sparse 'super' 9/44 (131068 KB)            OKAY [  5.546s]
Writing 'super'                                    OKAY [  1.665s]
Sending sparse 'super' 10/44 (131068 KB)           OKAY [  5.288s]
Writing 'super'                                    OKAY [  1.655s]
Sending sparse 'super' 11/44 (131068 KB)           OKAY [  5.283s]
Writing 'super'                                    OKAY [  1.646s]
Sending sparse 'super' 12/44 (131068 KB)           OKAY [  5.501s]
Writing 'super'                                    OKAY [  1.657s]
Sending sparse 'super' 13/44 (118024 KB)           OKAY [  5.003s]
Writing 'super'                                    OKAY [  1.463s]
Sending sparse 'super' 14/44 (131068 KB)           OKAY [  5.585s]
Writing 'super'                                    OKAY [  1.656s]
Sending sparse 'super' 15/44 (131068 KB)           OKAY [  5.350s]
Writing 'super'                                    OKAY [  1.659s]
Sending sparse 'super' 16/44 (131068 KB)           OKAY [  5.417s]
Writing 'super'                                    OKAY [  1.634s]
Sending sparse 'super' 17/44 (131068 KB)           OKAY [  5.509s]
Writing 'super'                                    OKAY [  1.651s]
Sending sparse 'super' 18/44 (131068 KB)           OKAY [  5.622s]
Writing 'super'                                    OKAY [  1.636s]
Sending sparse 'super' 19/44 (131068 KB)           OKAY [  5.488s]
Writing 'super'                                    OKAY [  1.640s]
Sending sparse 'super' 20/44 (131068 KB)           OKAY [  5.246s]
Writing 'super'                                    OKAY [  1.665s]
Sending sparse 'super' 21/44 (127884 KB)           OKAY [  5.121s]
Writing 'super'                                    OKAY [  1.723s]
Sending sparse 'super' 22/44 (131068 KB)           OKAY [  5.527s]
Writing 'super'                                    OKAY [  1.646s]
Sending sparse 'super' 23/44 (131068 KB)           OKAY [  5.394s]
Writing 'super'                                    OKAY [  1.647s]
Sending sparse 'super' 24/44 (131068 KB)           OKAY [  5.380s]
Writing 'super'                                    OKAY [  1.648s]
Sending sparse 'super' 25/44 (131068 KB)           OKAY [  5.538s]
Writing 'super'                                    OKAY [  1.621s]
Sending sparse 'super' 26/44 (131068 KB)           OKAY [  5.590s]
Writing 'super'                                    OKAY [  1.655s]
Sending sparse 'super' 27/44 (131068 KB)           OKAY [  5.520s]
Writing 'super'                                    OKAY [  1.689s]
Sending sparse 'super' 28/44 (131068 KB)           OKAY [  5.270s]
Writing 'super'                                    OKAY [  1.622s]
Sending sparse 'super' 29/44 (131068 KB)           OKAY [  5.478s]
Writing 'super'                                    OKAY [  1.655s]
Sending sparse 'super' 30/44 (131068 KB)           OKAY [  5.383s]
Writing 'super'                                    OKAY [  1.652s]
Sending sparse 'super' 31/44 (131068 KB)           OKAY [  5.255s]
Writing 'super'                                    OKAY [  1.644s]
Sending sparse 'super' 32/44 (124676 KB)           OKAY [  4.994s]
Writing 'super'                                    OKAY [  1.594s]
Sending sparse 'super' 33/44 (121916 KB)           OKAY [  5.091s]
Writing 'super'                                    OKAY [  1.544s]
Sending sparse 'super' 34/44 (131068 KB)           OKAY [  5.284s]
Writing 'super'                                    OKAY [  1.619s]
Sending sparse 'super' 35/44 (131068 KB)           OKAY [  5.621s]
Writing 'super'                                    OKAY [  1.652s]
Sending sparse 'super' 36/44 (129024 KB)           OKAY [  5.500s]
Writing 'super'                                    OKAY [  1.817s]
Sending sparse 'super' 37/44 (131068 KB)           OKAY [  5.522s]
Writing 'super'                                    OKAY [  1.646s]
Sending sparse 'super' 38/44 (131068 KB)           OKAY [  5.273s]
Writing 'super'                                    OKAY [  1.656s]
Sending sparse 'super' 39/44 (131068 KB)           OKAY [  5.469s]
Writing 'super'                                    OKAY [  1.636s]
Sending sparse 'super' 40/44 (131068 KB)           OKAY [  5.628s]
Writing 'super'                                    OKAY [  1.636s]
Sending sparse 'super' 41/44 (131068 KB)           OKAY [  5.456s]
Writing 'super'                                    OKAY [  1.662s]
Sending sparse 'super' 42/44 (131068 KB)           OKAY [  5.335s]
Writing 'super'                                    OKAY [  1.655s]
Sending sparse 'super' 43/44 (131068 KB)           OKAY [  5.419s]
Writing 'super'                                    OKAY [  1.623s]
Sending sparse 'super' 44/44 (25940 KB)            OKAY [  1.096s]
Writing 'super'                                    OKAY [  0.347s]
Finished. Total time: 305.638s
Sending sparse 'userdata' 1/20 (131068 KB)         OKAY [  5.346s]
Writing 'userdata'                                 OKAY [  2.409s]
Sending sparse 'userdata' 2/20 (131068 KB)         OKAY [  5.309s]
Writing 'userdata'                                 OKAY [  1.632s]
Sending sparse 'userdata' 3/20 (131068 KB)         OKAY [  5.474s]
Writing 'userdata'                                 OKAY [  1.634s]
Sending sparse 'userdata' 4/20 (131068 KB)         OKAY [  5.594s]
Writing 'userdata'                                 OKAY [  1.644s]
Sending sparse 'userdata' 5/20 (131068 KB)         OKAY [  5.369s]
Writing 'userdata'                                 OKAY [  1.628s]
Sending sparse 'userdata' 6/20 (131068 KB)         OKAY [  5.461s]
Writing 'userdata'                                 OKAY [  1.616s]
Sending sparse 'userdata' 7/20 (131068 KB)         OKAY [  5.581s]
Writing 'userdata'                                 OKAY [  1.629s]
Sending sparse 'userdata' 8/20 (131068 KB)         OKAY [  5.606s]
Writing 'userdata'                                 OKAY [  1.650s]
Sending sparse 'userdata' 9/20 (131068 KB)         OKAY [  5.369s]
Writing 'userdata'                                 OKAY [  1.637s]
Sending sparse 'userdata' 10/20 (131068 KB)        OKAY [  5.569s]
Writing 'userdata'                                 OKAY [  1.661s]
Sending sparse 'userdata' 11/20 (131068 KB)        OKAY [  5.677s]
Writing 'userdata'                                 OKAY [  1.650s]
Sending sparse 'userdata' 12/20 (131068 KB)        OKAY [  5.612s]
Writing 'userdata'                                 OKAY [  1.621s]
Sending sparse 'userdata' 13/20 (131068 KB)        OKAY [  5.449s]
Writing 'userdata'                                 OKAY [  1.647s]
Sending sparse 'userdata' 14/20 (131068 KB)        OKAY [  5.463s]
Writing 'userdata'                                 OKAY [  1.645s]
Sending sparse 'userdata' 15/20 (131068 KB)        OKAY [  5.373s]
Writing 'userdata'                                 OKAY [  1.619s]
Sending sparse 'userdata' 16/20 (131068 KB)        OKAY [  5.460s]
Writing 'userdata'                                 OKAY [  1.643s]
Sending sparse 'userdata' 17/20 (131068 KB)        OKAY [  5.629s]
Writing 'userdata'                                 OKAY [  1.643s]
Sending sparse 'userdata' 18/20 (131068 KB)        OKAY [  5.688s]
Writing 'userdata'                                 OKAY [  1.634s]
Sending sparse 'userdata' 19/20 (131068 KB)        OKAY [  5.510s]
Writing 'userdata'                                 OKAY [  1.656s]
Sending sparse 'userdata' 20/20 (49084 KB)         OKAY [  2.095s]
Writing 'userdata'                                 OKAY [  0.617s]
Finished. Total time: 139.154s
Sending 'misc' (4 KB)                              OKAY [  0.011s]
Writing 'misc'                                     OKAY [  0.006s]
Finished. Total time: 0.019s
Sending 'efuse' (0 KB)                             OKAY [  0.011s]
Writing 'efuse'                                    OKAY [  0.006s]
Finished. Total time: 0.018s
                                                   OKAY [  0.005s]
Finished. Total time: 0.005s
Setting current slot to 'a'                        OKAY [  0.001s]
Finished. Total time: 0.001s
Rebooting                                          OKAY [  0.000s]
Finished. Total time: 0.151s
